<?xml version="1.0" encoding="UTF-8"?>
<testsuite name="fr.soat.soadle.SoadleApplicationTests" tests="0" skipped="0" failures="0" errors="0" timestamp="1970-01-01T00:00:00" hostname="DESKTOP-DS1EKC7" time="0.0">
  <properties/>
  <system-out><![CDATA[20:22:26.475 [Test worker] DEBUG org.springframework.test.context.junit4.SpringJUnit4ClassRunner - SpringJUnit4ClassRunner constructor called with [class fr.soat.soadle.SoadleApplicationTests]
20:22:26.487 [Test worker] DEBUG org.springframework.test.context.BootstrapUtils - Instantiating CacheAwareContextLoaderDelegate from class [org.springframework.test.context.cache.DefaultCacheAwareContextLoaderDelegate]
20:22:26.495 [Test worker] DEBUG org.springframework.test.context.BootstrapUtils - Instantiating BootstrapContext using constructor [public org.springframework.test.context.support.DefaultBootstrapContext(java.lang.Class,org.springframework.test.context.CacheAwareContextLoaderDelegate)]
20:22:26.509 [Test worker] DEBUG org.springframework.test.context.BootstrapUtils - Instantiating TestContextBootstrapper for test class [fr.soat.soadle.SoadleApplicationTests] from class [org.springframework.boot.test.context.SpringBootTestContextBootstrapper]
20:22:26.523 [Test worker] INFO org.springframework.boot.test.context.SpringBootTestContextBootstrapper - Neither @ContextConfiguration nor @ContextHierarchy found for test class [fr.soat.soadle.SoadleApplicationTests], using SpringBootContextLoader
20:22:26.526 [Test worker] DEBUG org.springframework.test.context.support.AbstractContextLoader - Did not detect default resource location for test class [fr.soat.soadle.SoadleApplicationTests]: class path resource [fr/soat/soadle/SoadleApplicationTests-context.xml] does not exist
20:22:26.527 [Test worker] DEBUG org.springframework.test.context.support.AbstractContextLoader - Did not detect default resource location for test class [fr.soat.soadle.SoadleApplicationTests]: class path resource [fr/soat/soadle/SoadleApplicationTestsContext.groovy] does not exist
20:22:26.527 [Test worker] INFO org.springframework.test.context.support.AbstractContextLoader - Could not detect default resource locations for test class [fr.soat.soadle.SoadleApplicationTests]: no resource found for suffixes {-context.xml, Context.groovy}.
20:22:26.528 [Test worker] INFO org.springframework.test.context.support.AnnotationConfigContextLoaderUtils - Could not detect default configuration classes for test class [fr.soat.soadle.SoadleApplicationTests]: SoadleApplicationTests does not declare any static, non-private, non-final, nested classes annotated with @Configuration.
20:22:26.579 [Test worker] DEBUG org.springframework.test.context.support.ActiveProfilesUtils - Could not find an 'annotation declaring class' for annotation type [org.springframework.test.context.ActiveProfiles] and class [fr.soat.soadle.SoadleApplicationTests]
20:22:26.586 [Test worker] DEBUG org.springframework.core.env.StandardEnvironment - Adding PropertySource 'systemProperties' with lowest search precedence
20:22:26.586 [Test worker] DEBUG org.springframework.core.env.StandardEnvironment - Adding PropertySource 'systemEnvironment' with lowest search precedence
20:22:26.587 [Test worker] DEBUG org.springframework.core.env.StandardEnvironment - Initialized StandardEnvironment with PropertySources [MapPropertySource@620637363 {name='systemProperties', properties={java.runtime.name=Java(TM) SE Runtime Environment, sun.boot.library.path=C:\Program Files\Java\jdk1.8.0_151\jre\bin, java.vm.version=25.151-b12, java.vm.vendor=Oracle Corporation, java.vendor.url=http://java.oracle.com/, path.separator=;, java.vm.name=Java HotSpot(TM) 64-Bit Server VM, file.encoding.pkg=sun.io, user.script=, sun.java.launcher=SUN_STANDARD, user.country=FR, sun.os.patch.level=, java.vm.specification.name=Java Virtual Machine Specification, user.dir=D:\projet\soadle\soadle-back, java.runtime.version=1.8.0_151-b12, java.awt.graphicsenv=sun.awt.Win32GraphicsEnvironment, java.endorsed.dirs=C:\Program Files\Java\jdk1.8.0_151\jre\lib\endorsed, os.arch=amd64, java.io.tmpdir=C:\Users\Heihong\AppData\Local\Temp\, line.separator=
, java.vm.specification.vendor=Oracle Corporation, user.variant=, os.name=Windows 10, sun.jnu.encoding=Cp1252, java.library.path=C:\Program Files\Java\jdk1.8.0_151\bin;C:\WINDOWS\Sun\Java\bin;C:\WINDOWS\system32;C:\WINDOWS;C:/Program Files/Java/jre1.8.0_151/bin/server;C:/Program Files/Java/jre1.8.0_151/bin;C:/Program Files/Java/jre1.8.0_151/lib/amd64;C:\ProgramData\Oracle\Java\javapath;C:\Program Files (x86)\Intel\iCLS Client\;C:\Program Files\Intel\iCLS Client\;C:\Windows\system32;C:\Windows;C:\Windows\System32\Wbem;C:\Windows\System32\WindowsPowerShell\v1.0\;C:\Program Files (x86)\Intel\Intel(R) Management Engine Components\DAL;C:\Program Files\Intel\Intel(R) Management Engine Components\DAL;C:\Program Files (x86)\Intel\Intel(R) Management Engine Components\IPT;C:\Program Files\Intel\Intel(R) Management Engine Components\IPT;C:\Program Files (x86)\NVIDIA Corporation\PhysX\Common;C:\Program Files\nodejs\;C:\Program Files\Git\cmd;C:\Program Files\Intel\WiFi\bin\;C:\Program Files\Common Files\Intel\WirelessCommon\;C:\Program Files (x86)\Calibre2\;C:\Program Files (x86)\Skype\Phone\;%SystemRoot%\system32;%SystemRoot%;%SystemRoot%\System32\Wbem;%SYSTEMROOT%\System32\WindowsPowerShell\v1.0\;C:\Users\Heihong\scoop\shims;C:\Users\Heihong\AppData\Local\Microsoft\WindowsApps;C:\Users\Heihong\AppData\Roaming\npm;;C:\WINDOWS\System32;;., java.specification.name=Java Platform API Specification, java.class.version=52.0, org.gradle.native=false, sun.management.compiler=HotSpot 64-Bit Tiered Compilers, os.version=10.0, user.home=C:\Users\Heihong, user.timezone=Europe/Paris, java.awt.printerjob=sun.awt.windows.WPrinterJob, file.encoding=windows-1252, java.specification.version=1.8, java.class.path=D:\projet\soadle\soadle-back\build\classes\java\test;D:\projet\soadle\soadle-back\build\resources\test;D:\projet\soadle\soadle-back\build\classes\java\main;D:\projet\soadle\soadle-back\build\resources\main;C:\Users\Heihong\.gradle\caches\modules-2\files-2.1\org.springframework.boot\spring-boot-starter-web\2.0.0.BUILD-SNAPSHOT\bd3f22e88e7a6bd6206fe931050e6711e25e947c\spring-boot-starter-web-2.0.0.BUILD-SNAPSHOT.jar;C:\Users\Heihong\.gradle\caches\modules-2\files-2.1\org.springframework.boot\spring-boot-starter-test\2.0.0.BUILD-SNAPSHOT\e5a005d89193dbe7d6e9f33da4a66bf8d3acddb1\spring-boot-starter-test-2.0.0.BUILD-SNAPSHOT.jar;C:\Users\Heihong\.gradle\caches\modules-2\files-2.1\org.springframework.boot\spring-boot-starter-json\2.0.0.BUILD-SNAPSHOT\602cd41a1aaaca5907cb05dbda83b8285c8993c\spring-boot-starter-json-2.0.0.BUILD-SNAPSHOT.jar;C:\Users\Heihong\.gradle\caches\modules-2\files-2.1\org.springframework.boot\spring-boot-starter\2.0.0.BUILD-SNAPSHOT\e493bd6c335641ade0000801ae39087c32d6a09e\spring-boot-starter-2.0.0.BUILD-SNAPSHOT.jar;C:\Users\Heihong\.gradle\caches\modules-2\files-2.1\org.springframework.boot\spring-boot-starter-tomcat\2.0.0.BUILD-SNAPSHOT\c8c951a57a9f2c6a9f3e92dc50a080b62c8cb91e\spring-boot-starter-tomcat-2.0.0.BUILD-SNAPSHOT.jar;C:\Users\Heihong\.gradle\caches\modules-2\files-2.1\org.hibernate.validator\hibernate-validator\6.0.5.Final\c0a53a8178a0487c5f2fe84434b9965a3cd44f22\hibernate-validator-6.0.5.Final.jar;C:\Users\Heihong\.gradle\caches\modules-2\files-2.1\org.springframework\spring-webmvc\5.0.2.BUILD-SNAPSHOT\abe4536b27c235abb873a4691a576562f426d7f9\spring-webmvc-5.0.2.BUILD-SNAPSHOT.jar;C:\Users\Heihong\.gradle\caches\modules-2\files-2.1\org.springframework\spring-web\5.0.2.BUILD-SNAPSHOT\c5c93281c6eca6bfb9e7c16978c37f8ea6eff982\spring-web-5.0.2.BUILD-SNAPSHOT.jar;C:\Users\Heihong\.gradle\caches\modules-2\files-2.1\org.springframework.boot\spring-boot-test-autoconfigure\2.0.0.BUILD-SNAPSHOT\4eec2e7c5fb9e25526e0f215eb60e65e78f49570\spring-boot-test-autoconfigure-2.0.0.BUILD-SNAPSHOT.jar;C:\Users\Heihong\.gradle\caches\modules-2\files-2.1\org.springframework.boot\spring-boot-test\2.0.0.BUILD-SNAPSHOT\ab6f766f7dd9cc279817604b68b9153b58f3d340\spring-boot-test-2.0.0.BUILD-SNAPSHOT.jar;C:\Users\Heihong\.gradle\caches\modules-2\files-2.1\com.jayway.jsonpath\json-path\2.4.0\765a4401ceb2dc8d40553c2075eb80a8fa35c2ae\json-path-2.4.0.jar;C:\Users\Heihong\.gradle\caches\modules-2\files-2.1\junit\junit\4.12\2973d150c0dc1fefe998f834810d68f278ea58ec\junit-4.12.jar;C:\Users\Heihong\.gradle\caches\modules-2\files-2.1\org.assertj\assertj-core\3.8.0\b209d90ff2e279bee3e02547ee7b11349c52d0e3\assertj-core-3.8.0.jar;C:\Users\Heihong\.gradle\caches\modules-2\files-2.1\org.mockito\mockito-core\2.12.0\a42fb82aa1eccb27c3f0371c8bc7385ae1c6598d\mockito-core-2.12.0.jar;C:\Users\Heihong\.gradle\caches\modules-2\files-2.1\org.hamcrest\hamcrest-library\1.3\4785a3c21320980282f9f33d0d1264a69040538f\hamcrest-library-1.3.jar;C:\Users\Heihong\.gradle\caches\modules-2\files-2.1\org.hamcrest\hamcrest-core\1.3\42a25dc3219429f0e5d060061f71acb49bf010a0\hamcrest-core-1.3.jar;C:\Users\Heihong\.gradle\caches\modules-2\files-2.1\org.skyscreamer\jsonassert\1.5.0\6c9d5fe2f59da598d9aefc1cfc6528ff3cf32df3\jsonassert-1.5.0.jar;C:\Users\Heihong\.gradle\caches\modules-2\files-2.1\org.springframework\spring-test\5.0.2.BUILD-SNAPSHOT\84203201280fda2a9b79ee30b5c7602919e6359b\spring-test-5.0.2.BUILD-SNAPSHOT.jar;C:\Users\Heihong\.gradle\caches\modules-2\files-2.1\org.springframework.boot\spring-boot-autoconfigure\2.0.0.BUILD-SNAPSHOT\7b91465b1be2cc4c53b31a5f5842dc00d454c805\spring-boot-autoconfigure-2.0.0.BUILD-SNAPSHOT.jar;C:\Users\Heihong\.gradle\caches\modules-2\files-2.1\org.springframework.boot\spring-boot\2.0.0.BUILD-SNAPSHOT\a5ffc4c24837d2e40f436c14f47e5260cd9109d2\spring-boot-2.0.0.BUILD-SNAPSHOT.jar;C:\Users\Heihong\.gradle\caches\modules-2\files-2.1\org.springframework\spring-context\5.0.2.BUILD-SNAPSHOT\bbdad897baa3669299d88e8f967073ff0e457c9f\spring-context-5.0.2.BUILD-SNAPSHOT.jar;C:\Users\Heihong\.gradle\caches\modules-2\files-2.1\org.springframework\spring-aop\5.0.2.BUILD-SNAPSHOT\aef2c2fa9cd4e579ca2f0e1104b40309e51ee772\spring-aop-5.0.2.BUILD-SNAPSHOT.jar;C:\Users\Heihong\.gradle\caches\modules-2\files-2.1\org.springframework\spring-beans\5.0.2.BUILD-SNAPSHOT\db5298533985407a2b0ddee74429adc422965ecd\spring-beans-5.0.2.BUILD-SNAPSHOT.jar;C:\Users\Heihong\.gradle\caches\modules-2\files-2.1\org.springframework\spring-expression\5.0.2.BUILD-SNAPSHOT\1292bdd58c69ff72a136c41c84780fa315ddc943\spring-expression-5.0.2.BUILD-SNAPSHOT.jar;C:\Users\Heihong\.gradle\caches\modules-2\files-2.1\org.springframework\spring-core\5.0.2.BUILD-SNAPSHOT\6e9854181233d0b56595799c711d29e6eca5f177\spring-core-5.0.2.BUILD-SNAPSHOT.jar;C:\Users\Heihong\.gradle\caches\modules-2\files-2.1\org.xmlunit\xmlunit-core\2.5.1\4ffdb346572a7356f7521cd3119ce5287d2e339d\xmlunit-core-2.5.1.jar;C:\Users\Heihong\.gradle\caches\modules-2\files-2.1\org.springframework.boot\spring-boot-starter-logging\2.0.0.BUILD-SNAPSHOT\db00f90ce31e7eca2e4e1cc40cc21faf23020c6e\spring-boot-starter-logging-2.0.0.BUILD-SNAPSHOT.jar;C:\Users\Heihong\.gradle\caches\modules-2\files-2.1\javax.annotation\javax.annotation-api\1.3.1\20a2c0583598d68b0835474bbe07792d4f3b219f\javax.annotation-api-1.3.1.jar;C:\Users\Heihong\.gradle\caches\modules-2\files-2.1\org.yaml\snakeyaml\1.19\2d998d3d674b172a588e54ab619854d073f555b5\snakeyaml-1.19.jar;C:\Users\Heihong\.gradle\caches\modules-2\files-2.1\com.fasterxml.jackson.datatype\jackson-datatype-jdk8\2.9.2\9b0b7c623262e29c73e8f6a78f6150372d2066f8\jackson-datatype-jdk8-2.9.2.jar;C:\Users\Heihong\.gradle\caches\modules-2\files-2.1\com.fasterxml.jackson.datatype\jackson-datatype-jsr310\2.9.2\e1653d338703d8233cc1ac18c6722510bdaceb4f\jackson-datatype-jsr310-2.9.2.jar;C:\Users\Heihong\.gradle\caches\modules-2\files-2.1\com.fasterxml.jackson.module\jackson-module-parameter-names\2.9.2\be78ca220839b2c53ebd33fd4d580b5a0cacdd5a\jackson-module-parameter-names-2.9.2.jar;C:\Users\Heihong\.gradle\caches\modules-2\files-2.1\com.fasterxml.jackson.module\jackson-module-kotlin\2.9.2\a9cf72ae68a641ade45c400b6cec2d363818f11b\jackson-module-kotlin-2.9.2.jar;C:\Users\Heihong\.gradle\caches\modules-2\files-2.1\com.fasterxml.jackson.core\jackson-databind\2.9.2\1d8d8cb7cf26920ba57fb61fa56da88cc123b21f\jackson-databind-2.9.2.jar;C:\Users\Heihong\.gradle\caches\modules-2\files-2.1\org.apache.tomcat.embed\tomcat-embed-websocket\8.5.23\52f07abcae10dc7e1764304b0877def175c2c833\tomcat-embed-websocket-8.5.23.jar;C:\Users\Heihong\.gradle\caches\modules-2\files-2.1\org.apache.tomcat.embed\tomcat-embed-core\8.5.23\79261793a47f507890ee08f749b9d81774e4f7f0\tomcat-embed-core-8.5.23.jar;C:\Users\Heihong\.gradle\caches\modules-2\files-2.1\org.apache.tomcat.embed\tomcat-embed-el\8.5.23\98d979cde444dffa6d434c8377d0123b2dfa614c\tomcat-embed-el-8.5.23.jar;C:\Users\Heihong\.gradle\caches\modules-2\files-2.1\javax.validation\validation-api\2.0.0.Final\4a7ff48084bd336c4de1f79f027f6f77badf399e\validation-api-2.0.0.Final.jar;C:\Users\Heihong\.gradle\caches\modules-2\files-2.1\org.jboss.logging\jboss-logging\3.3.1.Final\c46217ab74b532568c0ed31dc599db3048bd1b67\jboss-logging-3.3.1.Final.jar;C:\Users\Heihong\.gradle\caches\modules-2\files-2.1\com.fasterxml\classmate\1.3.4\3d5f48f10bbe4eb7bd862f10c0583be2e0053c6\classmate-1.3.4.jar;C:\Users\Heihong\.gradle\caches\modules-2\files-2.1\net.minidev\json-smart\2.3\7396407491352ce4fa30de92efb158adb76b5b\json-smart-2.3.jar;C:\Users\Heihong\.gradle\caches\modules-2\files-2.1\ch.qos.logback\logback-classic\1.2.3\7c4f3c474fb2c041d8028740440937705ebb473a\logback-classic-1.2.3.jar;C:\Users\Heihong\.gradle\caches\modules-2\files-2.1\org.apache.logging.log4j\log4j-to-slf4j\2.9.1\fa8732bfe20d04d0ad910cf27d1482c76b82b76a\log4j-to-slf4j-2.9.1.jar;C:\Users\Heihong\.gradle\caches\modules-2\files-2.1\org.slf4j\jul-to-slf4j\1.7.25\af5364cd6679bfffb114f0dec8a157aaa283b76\jul-to-slf4j-1.7.25.jar;C:\Users\Heihong\.gradle\caches\modules-2\files-2.1\org.slf4j\log4j-over-slf4j\1.7.25\a87bb47468f47ee7aabbd54f93e133d4215769c3\log4j-over-slf4j-1.7.25.jar;C:\Users\Heihong\.gradle\caches\modules-2\files-2.1\org.slf4j\slf4j-api\1.7.25\da76ca59f6a57ee3102f8f9bd9cee742973efa8a\slf4j-api-1.7.25.jar;C:\Users\Heihong\.gradle\caches\modules-2\files-2.1\net.bytebuddy\byte-buddy\1.7.9\51218a01a882c04d0aba8c028179cce488bbcb58\byte-buddy-1.7.9.jar;C:\Users\Heihong\.gradle\caches\modules-2\files-2.1\net.bytebuddy\byte-buddy-agent\1.7.9\a6c65f9da7f467ee1f02ff2841ffd3155aee2fc9\byte-buddy-agent-1.7.9.jar;C:\Users\Heihong\.gradle\caches\modules-2\files-2.1\org.objenesis\objenesis\2.6\639033469776fd37c08358c6b92a4761feb2af4b\objenesis-2.6.jar;C:\Users\Heihong\.gradle\caches\modules-2\files-2.1\com.vaadin.external.google\android-json\0.0.20131108.vaadin1\fa26d351fe62a6a17f5cda1287c1c6110dec413f\android-json-0.0.20131108.vaadin1.jar;C:\Users\Heihong\.gradle\caches\modules-2\files-2.1\org.springframework\spring-jcl\5.0.2.BUILD-SNAPSHOT\a908011730f8f2feb0480e5ff1024cbde0f59e1a\spring-jcl-5.0.2.BUILD-SNAPSHOT.jar;C:\Users\Heihong\.gradle\caches\modules-2\files-2.1\com.fasterxml.jackson.core\jackson-annotations\2.9.0\7c10d545325e3a6e72e06381afe469fd40eb701\jackson-annotations-2.9.0.jar;C:\Users\Heihong\.gradle\caches\modules-2\files-2.1\com.fasterxml.jackson.core\jackson-core\2.9.2\aed20e50152a2f19adc1995c8d8f307c7efa414d\jackson-core-2.9.2.jar;C:\Users\Heihong\.gradle\caches\modules-2\files-2.1\org.apache.tomcat\tomcat-annotations-api\8.5.23\aaf17df9fe0240e9e9d5375d24d5f177174b73d9\tomcat-annotations-api-8.5.23.jar;C:\Users\Heihong\.gradle\caches\modules-2\files-2.1\net.minidev\accessors-smart\1.2\c592b500269bfde36096641b01238a8350f8aa31\accessors-smart-1.2.jar;C:\Users\Heihong\.gradle\caches\modules-2\files-2.1\ch.qos.logback\logback-core\1.2.3\864344400c3d4d92dfeb0a305dc87d953677c03c\logback-core-1.2.3.jar;C:\Users\Heihong\.gradle\caches\modules-2\files-2.1\org.apache.logging.log4j\log4j-api\2.9.1\7a2999229464e7a324aa503c0a52ec0f05efe7bd\log4j-api-2.9.1.jar;C:\Users\Heihong\.gradle\caches\modules-2\files-2.1\org.ow2.asm\asm\5.0.4\da08b8cce7bbf903602a25a3a163ae252435795\asm-5.0.4.jar, user.name=Heihong, java.vm.specification.version=1.8, sun.java.command=worker.org.gradle.process.internal.worker.GradleWorkerMain 'Gradle Test Executor 2', java.home=C:\Program Files\Java\jdk1.8.0_151\jre, sun.arch.data.model=64, user.language=fr, java.specification.vendor=Oracle Corporation, awt.toolkit=sun.awt.windows.WToolkit, java.vm.info=mixed mode, java.version=1.8.0_151, java.ext.dirs=C:\Program Files\Java\jdk1.8.0_151\jre\lib\ext;C:\WINDOWS\Sun\Java\lib\ext, sun.boot.class.path=C:\Program Files\Java\jdk1.8.0_151\jre\lib\resources.jar;C:\Program Files\Java\jdk1.8.0_151\jre\lib\rt.jar;C:\Program Files\Java\jdk1.8.0_151\jre\lib\sunrsasign.jar;C:\Program Files\Java\jdk1.8.0_151\jre\lib\jsse.jar;C:\Program Files\Java\jdk1.8.0_151\jre\lib\jce.jar;C:\Program Files\Java\jdk1.8.0_151\jre\lib\charsets.jar;C:\Program Files\Java\jdk1.8.0_151\jre\lib\jfr.jar;C:\Program Files\Java\jdk1.8.0_151\jre\classes, java.vendor=Oracle Corporation, org.gradle.test.worker=2, file.separator=\, java.vendor.url.bug=http://bugreport.sun.com/bugreport/, sun.io.unicode.encoding=UnicodeLittle, sun.cpu.endian=little, sun.desktop=windows, sun.cpu.isalist=amd64}}, SystemEnvironmentPropertySource@701865955 {name='systemEnvironment', properties={USERDOMAIN_ROAMINGPROFILE=DESKTOP-DS1EKC7, LOCALAPPDATA=C:\Users\Heihong\AppData\Local, PROCESSOR_LEVEL=6, USERDOMAIN=DESKTOP-DS1EKC7, FPS_BROWSER_APP_PROFILE_STRING=Internet Explorer, LOGONSERVER=\\DESKTOP-DS1EKC7, SESSIONNAME=Console, ALLUSERSPROFILE=C:\ProgramData, PROCESSOR_ARCHITECTURE=AMD64, GRADLE_HOME=C:\Users\Heihong\scoop\apps\gradle\current, PSModulePath=C:\Program Files\WindowsPowerShell\Modules;C:\WINDOWS\system32\WindowsPowerShell\v1.0\Modules, SystemDrive=C:, OneDrive=C:\Users\Heihong\OneDrive, APPDATA=C:\Users\Heihong\AppData\Roaming, USERNAME=Heihong, ProgramFiles(x86)=C:\Program Files (x86), CommonProgramFiles=C:\Program Files\Common Files, Path=C:/Program Files/Java/jre1.8.0_151/bin/server;C:/Program Files/Java/jre1.8.0_151/bin;C:/Program Files/Java/jre1.8.0_151/lib/amd64;C:\ProgramData\Oracle\Java\javapath;C:\Program Files (x86)\Intel\iCLS Client\;C:\Program Files\Intel\iCLS Client\;C:\Windows\system32;C:\Windows;C:\Windows\System32\Wbem;C:\Windows\System32\WindowsPowerShell\v1.0\;C:\Program Files (x86)\Intel\Intel(R) Management Engine Components\DAL;C:\Program Files\Intel\Intel(R) Management Engine Components\DAL;C:\Program Files (x86)\Intel\Intel(R) Management Engine Components\IPT;C:\Program Files\Intel\Intel(R) Management Engine Components\IPT;C:\Program Files (x86)\NVIDIA Corporation\PhysX\Common;C:\Program Files\nodejs\;C:\Program Files\Git\cmd;C:\Program Files\Intel\WiFi\bin\;C:\Program Files\Common Files\Intel\WirelessCommon\;C:\Program Files (x86)\Calibre2\;C:\Program Files (x86)\Skype\Phone\;%SystemRoot%\system32;%SystemRoot%;%SystemRoot%\System32\Wbem;%SYSTEMROOT%\System32\WindowsPowerShell\v1.0\;C:\Users\Heihong\scoop\shims;C:\Users\Heihong\AppData\Local\Microsoft\WindowsApps;C:\Users\Heihong\AppData\Roaming\npm;;C:\WINDOWS\System32;, FPS_BROWSER_USER_PROFILE_STRING=Default, PATHEXT=.COM;.EXE;.BAT;.CMD;.VBS;.VBE;.JS;.JSE;.WSF;.WSH;.MSC, OS=Windows_NT, COMPUTERNAME=DESKTOP-DS1EKC7, PROCESSOR_REVISION=8e09, CommonProgramW6432=C:\Program Files\Common Files, ComSpec=C:\WINDOWS\system32\cmd.exe, ProgramData=C:\ProgramData, ProgramW6432=C:\Program Files, HOMEPATH=\Users\Heihong, SystemRoot=C:\WINDOWS, TEMP=C:\Users\Heihong\AppData\Local\Temp, HOMEDRIVE=C:, PROCESSOR_IDENTIFIER=Intel64 Family 6 Model 142 Stepping 9, GenuineIntel, USERPROFILE=C:\Users\Heihong, TMP=C:\Users\Heihong\AppData\Local\Temp, CommonProgramFiles(x86)=C:\Program Files (x86)\Common Files, ProgramFiles=C:\Program Files, PUBLIC=C:\Users\Public, NUMBER_OF_PROCESSORS=4, windir=C:\WINDOWS, =::=::\}}]
20:22:26.601 [Test worker] DEBUG org.springframework.core.io.support.PathMatchingResourcePatternResolver - Resolved classpath location [fr/soat/soadle/] to resources [URL [file:/D:/projet/soadle/soadle-back/build/classes/java/test/fr/soat/soadle/], URL [file:/D:/projet/soadle/soadle-back/build/classes/java/main/fr/soat/soadle/]]
20:22:26.603 [Test worker] DEBUG org.springframework.core.io.support.PathMatchingResourcePatternResolver - Looking for matching resources in directory tree [D:\projet\soadle\soadle-back\build\classes\java\test\fr\soat\soadle]
20:22:26.603 [Test worker] DEBUG org.springframework.core.io.support.PathMatchingResourcePatternResolver - Searching directory [D:\projet\soadle\soadle-back\build\classes\java\test\fr\soat\soadle] for files matching pattern [D:/projet/soadle/soadle-back/build/classes/java/test/fr/soat/soadle/*.class]
20:22:26.605 [Test worker] DEBUG org.springframework.core.io.support.PathMatchingResourcePatternResolver - Looking for matching resources in directory tree [D:\projet\soadle\soadle-back\build\classes\java\main\fr\soat\soadle]
20:22:26.606 [Test worker] DEBUG org.springframework.core.io.support.PathMatchingResourcePatternResolver - Searching directory [D:\projet\soadle\soadle-back\build\classes\java\main\fr\soat\soadle] for files matching pattern [D:/projet/soadle/soadle-back/build/classes/java/main/fr/soat/soadle/*.class]
20:22:26.607 [Test worker] DEBUG org.springframework.core.io.support.PathMatchingResourcePatternResolver - Resolved location pattern [classpath*:fr/soat/soadle/*.class] to resources [file [D:\projet\soadle\soadle-back\build\classes\java\test\fr\soat\soadle\SoadleApplicationTests.class], file [D:\projet\soadle\soadle-back\build\classes\java\main\fr\soat\soadle\SoadleApplication.class], file [D:\projet\soadle\soadle-back\build\classes\java\main\fr\soat\soadle\TestController.class]]
20:22:26.666 [Test worker] DEBUG org.springframework.context.annotation.ClassPathScanningCandidateComponentProvider - Identified candidate component class: file [D:\projet\soadle\soadle-back\build\classes\java\main\fr\soat\soadle\SoadleApplication.class]
20:22:26.670 [Test worker] INFO org.springframework.boot.test.context.SpringBootTestContextBootstrapper - Found @SpringBootConfiguration fr.soat.soadle.SoadleApplication for test class fr.soat.soadle.SoadleApplicationTests
20:22:26.803 [Test worker] DEBUG org.springframework.boot.test.context.SpringBootTestContextBootstrapper - @TestExecutionListeners is not present for class [fr.soat.soadle.SoadleApplicationTests]: using defaults.
20:22:26.804 [Test worker] INFO org.springframework.boot.test.context.SpringBootTestContextBootstrapper - Loaded default TestExecutionListener class names from location [META-INF/spring.factories]: [org.springframework.boot.test.autoconfigure.restdocs.RestDocsTestExecutionListener, org.springframework.boot.test.autoconfigure.web.client.MockRestServiceServerResetTestExecutionListener, org.springframework.boot.test.autoconfigure.web.servlet.MockMvcPrintOnlyOnFailureTestExecutionListener, org.springframework.boot.test.autoconfigure.web.servlet.WebDriverTestExecutionListener, org.springframework.boot.test.mock.mockito.MockitoTestExecutionListener, org.springframework.boot.test.mock.mockito.ResetMocksTestExecutionListener, org.springframework.test.context.web.ServletTestExecutionListener, org.springframework.test.context.support.DirtiesContextBeforeModesTestExecutionListener, org.springframework.test.context.support.DependencyInjectionTestExecutionListener, org.springframework.test.context.support.DirtiesContextTestExecutionListener, org.springframework.test.context.transaction.TransactionalTestExecutionListener, org.springframework.test.context.jdbc.SqlScriptsTestExecutionListener]
20:22:26.811 [Test worker] INFO org.springframework.boot.test.context.SpringBootTestContextBootstrapper - Could not instantiate TestExecutionListener [org.springframework.test.context.transaction.TransactionalTestExecutionListener]. Specify custom listener classes or make the default listener classes (and their required dependencies) available. Offending class: [org/springframework/transaction/interceptor/TransactionAttributeSource]
20:22:26.814 [Test worker] INFO org.springframework.boot.test.context.SpringBootTestContextBootstrapper - Could not instantiate TestExecutionListener [org.springframework.test.context.jdbc.SqlScriptsTestExecutionListener]. Specify custom listener classes or make the default listener classes (and their required dependencies) available. Offending class: [org/springframework/transaction/interceptor/TransactionAttribute]
20:22:26.815 [Test worker] INFO org.springframework.boot.test.context.SpringBootTestContextBootstrapper - Using TestExecutionListeners: [org.springframework.test.context.web.ServletTestExecutionListener@46d740d7, org.springframework.test.context.support.DirtiesContextBeforeModesTestExecutionListener@389238f5, org.springframework.boot.test.autoconfigure.SpringBootDependencyInjectionTestExecutionListener@500bba41, org.springframework.test.context.support.DirtiesContextTestExecutionListener@3449149c, org.springframework.boot.test.autoconfigure.restdocs.RestDocsTestExecutionListener@48e43b3a, org.springframework.boot.test.mock.mockito.MockitoTestExecutionListener@6118f743, org.springframework.boot.test.autoconfigure.web.servlet.WebDriverTestExecutionListener@6c4c8093, org.springframework.boot.test.mock.mockito.ResetMocksTestExecutionListener@10dd9472, org.springframework.boot.test.autoconfigure.web.client.MockRestServiceServerResetTestExecutionListener@798940b8, org.springframework.boot.test.autoconfigure.web.servlet.MockMvcPrintOnlyOnFailureTestExecutionListener@5f0d0225]
20:22:26.817 [Test worker] DEBUG org.springframework.test.annotation.ProfileValueUtils - Retrieved @ProfileValueSourceConfiguration [null] for test class [fr.soat.soadle.SoadleApplicationTests]
20:22:26.817 [Test worker] DEBUG org.springframework.test.annotation.ProfileValueUtils - Retrieved ProfileValueSource type [class org.springframework.test.annotation.SystemProfileValueSource] for class [fr.soat.soadle.SoadleApplicationTests]
]]></system-out>
  <system-err><![CDATA[]]></system-err>
</testsuite>
